Start testing: Aug 21 14:21 IDT
----------------------------------------------------------
1/47 Testing: malloc_1.Sanity
1/47 Test: malloc_1.Sanity
Command: "/mnt/c/Users/user/Documents/os/wet4/updatedTests/build/tests/malloc_1_test" "Sanity"
Directory: /mnt/c/Users/user/Documents/os/wet4/updatedTests/build/tests
"malloc_1.Sanity" start time: Aug 21 14:21 IDT
Output:
----------------------------------------------------------
Filters: Sanity
Randomness seeded to: 2224398765
===============================================================================
All tests passed (2 assertions in 1 test case)

<end of output>
Test time =   0.05 sec
----------------------------------------------------------
Test Passed.
"malloc_1.Sanity" end time: Aug 21 14:21 IDT
"malloc_1.Sanity" time elapsed: 00:00:00
----------------------------------------------------------

2/47 Testing: malloc_1.Check size
2/47 Test: malloc_1.Check size
Command: "/mnt/c/Users/user/Documents/os/wet4/updatedTests/build/tests/malloc_1_test" "Check size"
Directory: /mnt/c/Users/user/Documents/os/wet4/updatedTests/build/tests
"malloc_1.Check size" start time: Aug 21 14:21 IDT
Output:
----------------------------------------------------------
Filters: Check size
Randomness seeded to: 346632509
===============================================================================
All tests passed (6 assertions in 1 test case)

<end of output>
Test time =   0.04 sec
----------------------------------------------------------
Test Passed.
"malloc_1.Check size" end time: Aug 21 14:21 IDT
"malloc_1.Check size" time elapsed: 00:00:00
----------------------------------------------------------

3/47 Testing: malloc_1.0 size
3/47 Test: malloc_1.0 size
Command: "/mnt/c/Users/user/Documents/os/wet4/updatedTests/build/tests/malloc_1_test" "0 size"
Directory: /mnt/c/Users/user/Documents/os/wet4/updatedTests/build/tests
"malloc_1.0 size" start time: Aug 21 14:21 IDT
Output:
----------------------------------------------------------
Filters: 0 size
Randomness seeded to: 868806573
===============================================================================
All tests passed (2 assertions in 1 test case)

<end of output>
Test time =   0.04 sec
----------------------------------------------------------
Test Passed.
"malloc_1.0 size" end time: Aug 21 14:21 IDT
"malloc_1.0 size" time elapsed: 00:00:00
----------------------------------------------------------

4/47 Testing: malloc_1.Max size
4/47 Test: malloc_1.Max size
Command: "/mnt/c/Users/user/Documents/os/wet4/updatedTests/build/tests/malloc_1_test" "Max size"
Directory: /mnt/c/Users/user/Documents/os/wet4/updatedTests/build/tests
"malloc_1.Max size" start time: Aug 21 14:21 IDT
Output:
----------------------------------------------------------
Filters: Max size
Randomness seeded to: 606824467
===============================================================================
All tests passed (4 assertions in 1 test case)

<end of output>
Test time =   0.05 sec
----------------------------------------------------------
Test Passed.
"malloc_1.Max size" end time: Aug 21 14:21 IDT
"malloc_1.Max size" time elapsed: 00:00:00
----------------------------------------------------------

5/47 Testing: malloc_2.Sanity
5/47 Test: malloc_2.Sanity
Command: "/mnt/c/Users/user/Documents/os/wet4/updatedTests/build/tests/malloc_2_test" "Sanity"
Directory: /mnt/c/Users/user/Documents/os/wet4/updatedTests/build/tests
"malloc_2.Sanity" start time: Aug 21 14:21 IDT
Output:
----------------------------------------------------------
Filters: Sanity
Randomness seeded to: 1543963553
===============================================================================
All tests passed (19 assertions in 1 test case)

<end of output>
Test time =   0.05 sec
----------------------------------------------------------
Test Passed.
"malloc_2.Sanity" end time: Aug 21 14:21 IDT
"malloc_2.Sanity" time elapsed: 00:00:00
----------------------------------------------------------

6/47 Testing: malloc_2.Check size
6/47 Test: malloc_2.Check size
Command: "/mnt/c/Users/user/Documents/os/wet4/updatedTests/build/tests/malloc_2_test" "Check size"
Directory: /mnt/c/Users/user/Documents/os/wet4/updatedTests/build/tests
"malloc_2.Check size" start time: Aug 21 14:21 IDT
Output:
----------------------------------------------------------
Filters: Check size
Randomness seeded to: 2937584282
===============================================================================
All tests passed (33 assertions in 1 test case)

<end of output>
Test time =   0.05 sec
----------------------------------------------------------
Test Passed.
"malloc_2.Check size" end time: Aug 21 14:21 IDT
"malloc_2.Check size" time elapsed: 00:00:00
----------------------------------------------------------

7/47 Testing: malloc_2.0 size
7/47 Test: malloc_2.0 size
Command: "/mnt/c/Users/user/Documents/os/wet4/updatedTests/build/tests/malloc_2_test" "0 size"
Directory: /mnt/c/Users/user/Documents/os/wet4/updatedTests/build/tests
"malloc_2.0 size" start time: Aug 21 14:21 IDT
Output:
----------------------------------------------------------
Filters: 0 size
Randomness seeded to: 2453577638
===============================================================================
All tests passed (13 assertions in 1 test case)

<end of output>
Test time =   0.04 sec
----------------------------------------------------------
Test Passed.
"malloc_2.0 size" end time: Aug 21 14:21 IDT
"malloc_2.0 size" time elapsed: 00:00:00
----------------------------------------------------------

8/47 Testing: malloc_2.Max size
8/47 Test: malloc_2.Max size
Command: "/mnt/c/Users/user/Documents/os/wet4/updatedTests/build/tests/malloc_2_test" "Max size"
Directory: /mnt/c/Users/user/Documents/os/wet4/updatedTests/build/tests
"malloc_2.Max size" start time: Aug 21 14:21 IDT
Output:
----------------------------------------------------------
Filters: Max size
Randomness seeded to: 4042203570
===============================================================================
All tests passed (27 assertions in 1 test case)

<end of output>
Test time =   0.05 sec
----------------------------------------------------------
Test Passed.
"malloc_2.Max size" end time: Aug 21 14:21 IDT
"malloc_2.Max size" time elapsed: 00:00:00
----------------------------------------------------------

9/47 Testing: malloc_2.free
9/47 Test: malloc_2.free
Command: "/mnt/c/Users/user/Documents/os/wet4/updatedTests/build/tests/malloc_2_test" "free"
Directory: /mnt/c/Users/user/Documents/os/wet4/updatedTests/build/tests
"malloc_2.free" start time: Aug 21 14:21 IDT
Output:
----------------------------------------------------------
Filters: free
Randomness seeded to: 995493494
===============================================================================
All tests passed (59 assertions in 1 test case)

<end of output>
Test time =   0.05 sec
----------------------------------------------------------
Test Passed.
"malloc_2.free" end time: Aug 21 14:21 IDT
"malloc_2.free" time elapsed: 00:00:00
----------------------------------------------------------

10/47 Testing: malloc_2.free 2
10/47 Test: malloc_2.free 2
Command: "/mnt/c/Users/user/Documents/os/wet4/updatedTests/build/tests/malloc_2_test" "free 2"
Directory: /mnt/c/Users/user/Documents/os/wet4/updatedTests/build/tests
"malloc_2.free 2" start time: Aug 21 14:21 IDT
Output:
----------------------------------------------------------
Filters: free 2
Randomness seeded to: 750447866
===============================================================================
All tests passed (59 assertions in 1 test case)

<end of output>
Test time =   0.05 sec
----------------------------------------------------------
Test Passed.
"malloc_2.free 2" end time: Aug 21 14:21 IDT
"malloc_2.free 2" time elapsed: 00:00:00
----------------------------------------------------------

11/47 Testing: malloc_2.free 3
11/47 Test: malloc_2.free 3
Command: "/mnt/c/Users/user/Documents/os/wet4/updatedTests/build/tests/malloc_2_test" "free 3"
Directory: /mnt/c/Users/user/Documents/os/wet4/updatedTests/build/tests
"malloc_2.free 3" start time: Aug 21 14:21 IDT
Output:
----------------------------------------------------------
Filters: free 3
Randomness seeded to: 3923570628
===============================================================================
All tests passed (59 assertions in 1 test case)

<end of output>
Test time =   0.05 sec
----------------------------------------------------------
Test Passed.
"malloc_2.free 3" end time: Aug 21 14:21 IDT
"malloc_2.free 3" time elapsed: 00:00:00
----------------------------------------------------------

12/47 Testing: malloc_2.Reuse
12/47 Test: malloc_2.Reuse
Command: "/mnt/c/Users/user/Documents/os/wet4/updatedTests/build/tests/malloc_2_test" "Reuse"
Directory: /mnt/c/Users/user/Documents/os/wet4/updatedTests/build/tests
"malloc_2.Reuse" start time: Aug 21 14:21 IDT
Output:
----------------------------------------------------------
Filters: Reuse
Randomness seeded to: 717702871
===============================================================================
All tests passed (32 assertions in 1 test case)

<end of output>
Test time =   0.05 sec
----------------------------------------------------------
Test Passed.
"malloc_2.Reuse" end time: Aug 21 14:21 IDT
"malloc_2.Reuse" time elapsed: 00:00:00
----------------------------------------------------------

13/47 Testing: malloc_2.Reuse two blocks
13/47 Test: malloc_2.Reuse two blocks
Command: "/mnt/c/Users/user/Documents/os/wet4/updatedTests/build/tests/malloc_2_test" "Reuse two blocks"
Directory: /mnt/c/Users/user/Documents/os/wet4/updatedTests/build/tests
"malloc_2.Reuse two blocks" start time: Aug 21 14:21 IDT
Output:
----------------------------------------------------------
Filters: Reuse two blocks
Randomness seeded to: 1563292895
===============================================================================
All tests passed (46 assertions in 1 test case)

<end of output>
Test time =   0.05 sec
----------------------------------------------------------
Test Passed.
"malloc_2.Reuse two blocks" end time: Aug 21 14:21 IDT
"malloc_2.Reuse two blocks" time elapsed: 00:00:00
----------------------------------------------------------

14/47 Testing: malloc_2.Reuse two blocks reverse
14/47 Test: malloc_2.Reuse two blocks reverse
Command: "/mnt/c/Users/user/Documents/os/wet4/updatedTests/build/tests/malloc_2_test" "Reuse two blocks reverse"
Directory: /mnt/c/Users/user/Documents/os/wet4/updatedTests/build/tests
"malloc_2.Reuse two blocks reverse" start time: Aug 21 14:21 IDT
Output:
----------------------------------------------------------
Filters: Reuse two blocks reverse
Randomness seeded to: 4075182310
===============================================================================
All tests passed (46 assertions in 1 test case)

<end of output>
Test time =   0.05 sec
----------------------------------------------------------
Test Passed.
"malloc_2.Reuse two blocks reverse" end time: Aug 21 14:21 IDT
"malloc_2.Reuse two blocks reverse" time elapsed: 00:00:00
----------------------------------------------------------

15/47 Testing: malloc_2.Reuse two blocks both
15/47 Test: malloc_2.Reuse two blocks both
Command: "/mnt/c/Users/user/Documents/os/wet4/updatedTests/build/tests/malloc_2_test" "Reuse two blocks both"
Directory: /mnt/c/Users/user/Documents/os/wet4/updatedTests/build/tests
"malloc_2.Reuse two blocks both" start time: Aug 21 14:21 IDT
Output:
----------------------------------------------------------
Filters: Reuse two blocks both
Randomness seeded to: 3505446766
===============================================================================
All tests passed (46 assertions in 1 test case)

<end of output>
Test time =   0.05 sec
----------------------------------------------------------
Test Passed.
"malloc_2.Reuse two blocks both" end time: Aug 21 14:21 IDT
"malloc_2.Reuse two blocks both" time elapsed: 00:00:00
----------------------------------------------------------

16/47 Testing: malloc_2.Reuse two blocks sizes small
16/47 Test: malloc_2.Reuse two blocks sizes small
Command: "/mnt/c/Users/user/Documents/os/wet4/updatedTests/build/tests/malloc_2_test" "Reuse two blocks sizes small"
Directory: /mnt/c/Users/user/Documents/os/wet4/updatedTests/build/tests
"malloc_2.Reuse two blocks sizes small" start time: Aug 21 14:21 IDT
Output:
----------------------------------------------------------
Filters: Reuse two blocks sizes small
Randomness seeded to: 2604224768
===============================================================================
All tests passed (46 assertions in 1 test case)

<end of output>
Test time =   0.05 sec
----------------------------------------------------------
Test Passed.
"malloc_2.Reuse two blocks sizes small" end time: Aug 21 14:21 IDT
"malloc_2.Reuse two blocks sizes small" time elapsed: 00:00:00
----------------------------------------------------------

17/47 Testing: malloc_2.Reuse two blocks sizes large
17/47 Test: malloc_2.Reuse two blocks sizes large
Command: "/mnt/c/Users/user/Documents/os/wet4/updatedTests/build/tests/malloc_2_test" "Reuse two blocks sizes large"
Directory: /mnt/c/Users/user/Documents/os/wet4/updatedTests/build/tests
"malloc_2.Reuse two blocks sizes large" start time: Aug 21 14:21 IDT
Output:
----------------------------------------------------------
Filters: Reuse two blocks sizes large
Randomness seeded to: 615273399
===============================================================================
All tests passed (46 assertions in 1 test case)

<end of output>
Test time =   0.05 sec
----------------------------------------------------------
Test Passed.
"malloc_2.Reuse two blocks sizes large" end time: Aug 21 14:21 IDT
"malloc_2.Reuse two blocks sizes large" time elapsed: 00:00:00
----------------------------------------------------------

18/47 Testing: malloc_2.scalloc
18/47 Test: malloc_2.scalloc
Command: "/mnt/c/Users/user/Documents/os/wet4/updatedTests/build/tests/malloc_2_test" "scalloc"
Directory: /mnt/c/Users/user/Documents/os/wet4/updatedTests/build/tests
"malloc_2.scalloc" start time: Aug 21 14:21 IDT
Output:
----------------------------------------------------------
Filters: scalloc
Randomness seeded to: 1955098192
===============================================================================
All tests passed (51 assertions in 1 test case)

<end of output>
Test time =   0.05 sec
----------------------------------------------------------
Test Passed.
"malloc_2.scalloc" end time: Aug 21 14:21 IDT
"malloc_2.scalloc" time elapsed: 00:00:00
----------------------------------------------------------

19/47 Testing: malloc_2.scalloc taint
19/47 Test: malloc_2.scalloc taint
Command: "/mnt/c/Users/user/Documents/os/wet4/updatedTests/build/tests/malloc_2_test" "scalloc taint"
Directory: /mnt/c/Users/user/Documents/os/wet4/updatedTests/build/tests
"malloc_2.scalloc taint" start time: Aug 21 14:21 IDT
Output:
----------------------------------------------------------
Filters: scalloc taint
Randomness seeded to: 797179406
===============================================================================
All tests passed (232 assertions in 1 test case)

<end of output>
Test time =   0.09 sec
----------------------------------------------------------
Test Passed.
"malloc_2.scalloc taint" end time: Aug 21 14:21 IDT
"malloc_2.scalloc taint" time elapsed: 00:00:00
----------------------------------------------------------

20/47 Testing: malloc_2.scalloc 0 size
20/47 Test: malloc_2.scalloc 0 size
Command: "/mnt/c/Users/user/Documents/os/wet4/updatedTests/build/tests/malloc_2_test" "scalloc 0 size"
Directory: /mnt/c/Users/user/Documents/os/wet4/updatedTests/build/tests
"malloc_2.scalloc 0 size" start time: Aug 21 14:21 IDT
Output:
----------------------------------------------------------
Filters: scalloc 0 size
Randomness seeded to: 1707702980
===============================================================================
All tests passed (21 assertions in 1 test case)

<end of output>
Test time =   0.05 sec
----------------------------------------------------------
Test Passed.
"malloc_2.scalloc 0 size" end time: Aug 21 14:21 IDT
"malloc_2.scalloc 0 size" time elapsed: 00:00:00
----------------------------------------------------------

21/47 Testing: malloc_2.scalloc Max size num
21/47 Test: malloc_2.scalloc Max size num
Command: "/mnt/c/Users/user/Documents/os/wet4/updatedTests/build/tests/malloc_2_test" "scalloc Max size num"
Directory: /mnt/c/Users/user/Documents/os/wet4/updatedTests/build/tests
"malloc_2.scalloc Max size num" start time: Aug 21 14:21 IDT
Output:
----------------------------------------------------------
Filters: scalloc Max size num
Randomness seeded to: 3978256209
===============================================================================
All tests passed (27 assertions in 1 test case)

<end of output>
Test time =   0.22 sec
----------------------------------------------------------
Test Passed.
"malloc_2.scalloc Max size num" end time: Aug 21 14:21 IDT
"malloc_2.scalloc Max size num" time elapsed: 00:00:00
----------------------------------------------------------

22/47 Testing: malloc_2.scalloc Max size size
22/47 Test: malloc_2.scalloc Max size size
Command: "/mnt/c/Users/user/Documents/os/wet4/updatedTests/build/tests/malloc_2_test" "scalloc Max size size"
Directory: /mnt/c/Users/user/Documents/os/wet4/updatedTests/build/tests
"malloc_2.scalloc Max size size" start time: Aug 21 14:21 IDT
Output:
----------------------------------------------------------
Filters: scalloc Max size size
Randomness seeded to: 2867848473
===============================================================================
All tests passed (27 assertions in 1 test case)

<end of output>
Test time =   0.26 sec
----------------------------------------------------------
Test Passed.
"malloc_2.scalloc Max size size" end time: Aug 21 14:21 IDT
"malloc_2.scalloc Max size size" time elapsed: 00:00:00
----------------------------------------------------------

23/47 Testing: malloc_2.scalloc Max size both
23/47 Test: malloc_2.scalloc Max size both
Command: "/mnt/c/Users/user/Documents/os/wet4/updatedTests/build/tests/malloc_2_test" "scalloc Max size both"
Directory: /mnt/c/Users/user/Documents/os/wet4/updatedTests/build/tests
"malloc_2.scalloc Max size both" start time: Aug 21 14:21 IDT
Output:
----------------------------------------------------------
Filters: scalloc Max size both
Randomness seeded to: 1576080373
===============================================================================
All tests passed (35 assertions in 1 test case)

<end of output>
Test time =   0.16 sec
----------------------------------------------------------
Test Passed.
"malloc_2.scalloc Max size both" end time: Aug 21 14:21 IDT
"malloc_2.scalloc Max size both" time elapsed: 00:00:00
----------------------------------------------------------

24/47 Testing: malloc_2.realloc
24/47 Test: malloc_2.realloc
Command: "/mnt/c/Users/user/Documents/os/wet4/updatedTests/build/tests/malloc_2_test" "realloc"
Directory: /mnt/c/Users/user/Documents/os/wet4/updatedTests/build/tests
"malloc_2.realloc" start time: Aug 21 14:21 IDT
Output:
----------------------------------------------------------
Filters: realloc
Randomness seeded to: 1455207642
===============================================================================
All tests passed (36 assertions in 1 test case)

<end of output>
Test time =   0.11 sec
----------------------------------------------------------
Test Passed.
"malloc_2.realloc" end time: Aug 21 14:21 IDT
"malloc_2.realloc" time elapsed: 00:00:00
----------------------------------------------------------

25/47 Testing: malloc_2.realloc shrink
25/47 Test: malloc_2.realloc shrink
Command: "/mnt/c/Users/user/Documents/os/wet4/updatedTests/build/tests/malloc_2_test" "realloc shrink"
Directory: /mnt/c/Users/user/Documents/os/wet4/updatedTests/build/tests
"malloc_2.realloc shrink" start time: Aug 21 14:21 IDT
Output:
----------------------------------------------------------
Filters: realloc shrink
Randomness seeded to: 2453447701
===============================================================================
All tests passed (36 assertions in 1 test case)

<end of output>
Test time =   0.07 sec
----------------------------------------------------------
Test Passed.
"malloc_2.realloc shrink" end time: Aug 21 14:21 IDT
"malloc_2.realloc shrink" time elapsed: 00:00:00
----------------------------------------------------------

26/47 Testing: malloc_2.srealloc Max size
26/47 Test: malloc_2.srealloc Max size
Command: "/mnt/c/Users/user/Documents/os/wet4/updatedTests/build/tests/malloc_2_test" "srealloc Max size"
Directory: /mnt/c/Users/user/Documents/os/wet4/updatedTests/build/tests
"malloc_2.srealloc Max size" start time: Aug 21 14:21 IDT
Output:
----------------------------------------------------------
Filters: srealloc Max size
Randomness seeded to: 2729056090
===============================================================================
All tests passed (35 assertions in 1 test case)

<end of output>
Test time =   0.04 sec
----------------------------------------------------------
Test Passed.
"malloc_2.srealloc Max size" end time: Aug 21 14:21 IDT
"malloc_2.srealloc Max size" time elapsed: 00:00:00
----------------------------------------------------------

27/47 Testing: malloc_3.Challenge 0 - Memory Utilization
27/47 Test: malloc_3.Challenge 0 - Memory Utilization
Command: "/mnt/c/Users/user/Documents/os/wet4/updatedTests/build/tests/malloc_3_test" "Challenge 0 - Memory Utilization"
Directory: /mnt/c/Users/user/Documents/os/wet4/updatedTests/build/tests
"malloc_3.Challenge 0 - Memory Utilization" start time: Aug 21 14:21 IDT
Output:
----------------------------------------------------------
Filters: Challenge 0 - Memory Utilization
Randomness seeded to: 4185676169
===============================================================================
All tests passed (44 assertions in 1 test case)

<end of output>
Test time =   0.07 sec
----------------------------------------------------------
Test Passed.
"malloc_3.Challenge 0 - Memory Utilization" end time: Aug 21 14:21 IDT
"malloc_3.Challenge 0 - Memory Utilization" time elapsed: 00:00:00
----------------------------------------------------------

28/47 Testing: malloc_3.test all sizes
28/47 Test: malloc_3.test all sizes
Command: "/mnt/c/Users/user/Documents/os/wet4/updatedTests/build/tests/malloc_3_test" "test all sizes"
Directory: /mnt/c/Users/user/Documents/os/wet4/updatedTests/build/tests
"malloc_3.test all sizes" start time: Aug 21 14:21 IDT
Output:
----------------------------------------------------------
Filters: test all sizes
Randomness seeded to: 3327520796
===============================================================================
All tests passed (110 assertions in 1 test case)

<end of output>
Test time =   0.11 sec
----------------------------------------------------------
Test Passed.
"malloc_3.test all sizes" end time: Aug 21 14:21 IDT
"malloc_3.test all sizes" time elapsed: 00:00:00
----------------------------------------------------------

29/47 Testing: malloc_3.Finding buddies test
29/47 Test: malloc_3.Finding buddies test
Command: "/mnt/c/Users/user/Documents/os/wet4/updatedTests/build/tests/malloc_3_test" "Finding buddies test"
Directory: /mnt/c/Users/user/Documents/os/wet4/updatedTests/build/tests
"malloc_3.Finding buddies test" start time: Aug 21 14:21 IDT
Output:
----------------------------------------------------------
Filters: Finding buddies test
Randomness seeded to: 1650249090

~~~~~~~~~~~~~~~~~~~~~~~~~~~~~~~~~~~~~~~~~~~~~~~~~~~~~~~~~~~~~~~~~~~~~~~~~~~~~~~
malloc_3_test is a Catch2 v3.0.1 host application.
Run with -? for options

-------------------------------------------------------------------------------
Finding buddies test
-------------------------------------------------------------------------------
/mnt/c/Users/user/Documents/os/wet4/updatedTests/tests/malloc_3_test_basic.cpp:192
...............................................................................

/mnt/c/Users/user/Documents/os/wet4/updatedTests/tests/malloc_3_test_basic.cpp:229: FAILED:
  REQUIRE( smalloc(40) == __null )
with expansion:
  0x0000558c707e1028 == 0

===============================================================================
test cases:    1 |    0 passed | 1 failed
assertions: 1095 | 1094 passed | 1 failed

<end of output>
Test time =   0.06 sec
----------------------------------------------------------
Test Failed.
"malloc_3.Finding buddies test" end time: Aug 21 14:21 IDT
"malloc_3.Finding buddies test" time elapsed: 00:00:00
----------------------------------------------------------

30/47 Testing: malloc_3.multiple big allocs test
30/47 Test: malloc_3.multiple big allocs test
Command: "/mnt/c/Users/user/Documents/os/wet4/updatedTests/build/tests/malloc_3_test" "multiple big allocs test"
Directory: /mnt/c/Users/user/Documents/os/wet4/updatedTests/build/tests
"malloc_3.multiple big allocs test" start time: Aug 21 14:21 IDT
Output:
----------------------------------------------------------
Filters: multiple big allocs test
Randomness seeded to: 4018006445
===============================================================================
All tests passed (1396 assertions in 1 test case)

<end of output>
Test time =   0.05 sec
----------------------------------------------------------
Test Passed.
"malloc_3.multiple big allocs test" end time: Aug 21 14:21 IDT
"malloc_3.multiple big allocs test" time elapsed: 00:00:00
----------------------------------------------------------

31/47 Testing: malloc_3.srealloc test
31/47 Test: malloc_3.srealloc test
Command: "/mnt/c/Users/user/Documents/os/wet4/updatedTests/build/tests/malloc_3_test" "srealloc test"
Directory: /mnt/c/Users/user/Documents/os/wet4/updatedTests/build/tests
"malloc_3.srealloc test" start time: Aug 21 14:21 IDT
Output:
----------------------------------------------------------
Filters: srealloc test
Randomness seeded to: 3519630593
===============================================================================
All tests passed (23 assertions in 1 test case)

<end of output>
Test time =   0.04 sec
----------------------------------------------------------
Test Passed.
"malloc_3.srealloc test" end time: Aug 21 14:21 IDT
"malloc_3.srealloc test" time elapsed: 00:00:00
----------------------------------------------------------

32/47 Testing: malloc_3.scalloc test
32/47 Test: malloc_3.scalloc test
Command: "/mnt/c/Users/user/Documents/os/wet4/updatedTests/build/tests/malloc_3_test" "scalloc test"
Directory: /mnt/c/Users/user/Documents/os/wet4/updatedTests/build/tests
"malloc_3.scalloc test" start time: Aug 21 14:21 IDT
Output:
----------------------------------------------------------
Filters: scalloc test
Randomness seeded to: 226451457
===============================================================================
All tests passed (27 assertions in 1 test case)

<end of output>
Test time =   0.09 sec
----------------------------------------------------------
Test Passed.
"malloc_3.scalloc test" end time: Aug 21 14:21 IDT
"malloc_3.scalloc test" time elapsed: 00:00:00
----------------------------------------------------------

33/47 Testing: malloc_3.srealloc merges test
33/47 Test: malloc_3.srealloc merges test
Command: "/mnt/c/Users/user/Documents/os/wet4/updatedTests/build/tests/malloc_3_test" "srealloc merges test"
Directory: /mnt/c/Users/user/Documents/os/wet4/updatedTests/build/tests
"malloc_3.srealloc merges test" start time: Aug 21 14:21 IDT
Output:
----------------------------------------------------------
Filters: srealloc merges test
Randomness seeded to: 2900010783
===============================================================================
All tests passed (39 assertions in 1 test case)

<end of output>
Test time =   0.04 sec
----------------------------------------------------------
Test Passed.
"malloc_3.srealloc merges test" end time: Aug 21 14:21 IDT
"malloc_3.srealloc merges test" time elapsed: 00:00:00
----------------------------------------------------------

34/47 Testing: malloc_3.weird values
34/47 Test: malloc_3.weird values
Command: "/mnt/c/Users/user/Documents/os/wet4/updatedTests/build/tests/malloc_3_test" "weird values"
Directory: /mnt/c/Users/user/Documents/os/wet4/updatedTests/build/tests
"malloc_3.weird values" start time: Aug 21 14:21 IDT
Output:
----------------------------------------------------------
Filters: weird values
Randomness seeded to: 3126067398

~~~~~~~~~~~~~~~~~~~~~~~~~~~~~~~~~~~~~~~~~~~~~~~~~~~~~~~~~~~~~~~~~~~~~~~~~~~~~~~
malloc_3_test is a Catch2 v3.0.1 host application.
Run with -? for options

-------------------------------------------------------------------------------
weird values
-------------------------------------------------------------------------------
/mnt/c/Users/user/Documents/os/wet4/updatedTests/tests/malloc_3_test_basic.cpp:393
...............................................................................

/mnt/c/Users/user/Documents/os/wet4/updatedTests/tests/malloc_3_test_basic.cpp:398: FAILED:
  REQUIRE( ptr == __null )
with expansion:
  0x00007f672f41e028 == 0

===============================================================================
test cases: 1 | 1 failed
assertions: 1 | 1 failed

<end of output>
Test time =   0.05 sec
----------------------------------------------------------
Test Failed.
"malloc_3.weird values" end time: Aug 21 14:21 IDT
"malloc_3.weird values" time elapsed: 00:00:00
----------------------------------------------------------

35/47 Testing: malloc_3.THANK YOU AVIGAIL YOU ARE AMAZING! size of blocks and meta data
35/47 Test: malloc_3.THANK YOU AVIGAIL YOU ARE AMAZING! size of blocks and meta data
Command: "/mnt/c/Users/user/Documents/os/wet4/updatedTests/build/tests/malloc_3_test" "THANK YOU AVIGAIL YOU ARE AMAZING! size of blocks and meta data"
Directory: /mnt/c/Users/user/Documents/os/wet4/updatedTests/build/tests
"malloc_3.THANK YOU AVIGAIL YOU ARE AMAZING! size of blocks and meta data" start time: Aug 21 14:21 IDT
Output:
----------------------------------------------------------
Filters: THANK YOU AVIGAIL YOU ARE AMAZING! size of blocks and meta data
Randomness seeded to: 3515908824

~~~~~~~~~~~~~~~~~~~~~~~~~~~~~~~~~~~~~~~~~~~~~~~~~~~~~~~~~~~~~~~~~~~~~~~~~~~~~~~
malloc_3_test is a Catch2 v3.0.1 host application.
Run with -? for options

-------------------------------------------------------------------------------
THANK YOU AVIGAIL YOU ARE AMAZING! size of blocks and meta data
-------------------------------------------------------------------------------
/mnt/c/Users/user/Documents/os/wet4/updatedTests/tests/malloc_3_test_basic.cpp:404
...............................................................................

/mnt/c/Users/user/Documents/os/wet4/updatedTests/tests/malloc_3_test_basic.cpp:428: FAILED:
  REQUIRE( (end - start) == 128 * pow(2, 1) )
with expansion:
  512 (0x200) == 256.0

===============================================================================
test cases: 1 | 1 failed
assertions: 3 | 2 passed | 1 failed

<end of output>
Test time =   0.05 sec
----------------------------------------------------------
Test Failed.
"malloc_3.THANK YOU AVIGAIL YOU ARE AMAZING! size of blocks and meta data" end time: Aug 21 14:21 IDT
"malloc_3.THANK YOU AVIGAIL YOU ARE AMAZING! size of blocks and meta data" time elapsed: 00:00:00
----------------------------------------------------------

36/47 Testing: malloc_3.THANK YOU AVIGAIL YOU ARE AMAZING! GEPETA 1
36/47 Test: malloc_3.THANK YOU AVIGAIL YOU ARE AMAZING! GEPETA 1
Command: "/mnt/c/Users/user/Documents/os/wet4/updatedTests/build/tests/malloc_3_test" "THANK YOU AVIGAIL YOU ARE AMAZING! GEPETA 1"
Directory: /mnt/c/Users/user/Documents/os/wet4/updatedTests/build/tests
"malloc_3.THANK YOU AVIGAIL YOU ARE AMAZING! GEPETA 1" start time: Aug 21 14:21 IDT
Output:
----------------------------------------------------------
Filters: THANK YOU AVIGAIL YOU ARE AMAZING! GEPETA 1
Randomness seeded to: 1698054059
Test GEPETA 1: 2
Test GEPETA 1: 3
Test GEPETA 1: 4
Test GEPETA 1: 5
Test GEPETA 1: 6

~~~~~~~~~~~~~~~~~~~~~~~~~~~~~~~~~~~~~~~~~~~~~~~~~~~~~~~~~~~~~~~~~~~~~~~~~~~~~~~
malloc_3_test is a Catch2 v3.0.1 host application.
Run with -? for options

-------------------------------------------------------------------------------
THANK YOU AVIGAIL YOU ARE AMAZING! GEPETA 1
-------------------------------------------------------------------------------
/mnt/c/Users/user/Documents/os/wet4/updatedTests/tests/malloc_3_test_basic.cpp:577
...............................................................................

/mnt/c/Users/user/Documents/os/wet4/updatedTests/tests/malloc_3_test_basic.cpp:88: FAILED:
  REQUIRE( _num_allocated_blocks() == __total_blocks )
with expansion:
  40 == 42

===============================================================================
test cases:  1 |  0 passed | 1 failed
assertions: 26 | 25 passed | 1 failed

<end of output>
Test time =   0.05 sec
----------------------------------------------------------
Test Failed.
"malloc_3.THANK YOU AVIGAIL YOU ARE AMAZING! GEPETA 1" end time: Aug 21 14:21 IDT
"malloc_3.THANK YOU AVIGAIL YOU ARE AMAZING! GEPETA 1" time elapsed: 00:00:00
----------------------------------------------------------

37/47 Testing: malloc_3.THANK YOU AVIGAIL YOU ARE AMAZING! 1.5
37/47 Test: malloc_3.THANK YOU AVIGAIL YOU ARE AMAZING! 1.5
Command: "/mnt/c/Users/user/Documents/os/wet4/updatedTests/build/tests/malloc_3_test" "THANK YOU AVIGAIL YOU ARE AMAZING! 1.5"
Directory: /mnt/c/Users/user/Documents/os/wet4/updatedTests/build/tests
"malloc_3.THANK YOU AVIGAIL YOU ARE AMAZING! 1.5" start time: Aug 21 14:21 IDT
Output:
----------------------------------------------------------
Filters: THANK YOU AVIGAIL YOU ARE AMAZING! 1.5
Randomness seeded to: 588349088
===============================================================================
All tests passed (30 assertions in 1 test case)

<end of output>
Test time =   0.05 sec
----------------------------------------------------------
Test Passed.
"malloc_3.THANK YOU AVIGAIL YOU ARE AMAZING! 1.5" end time: Aug 21 14:21 IDT
"malloc_3.THANK YOU AVIGAIL YOU ARE AMAZING! 1.5" time elapsed: 00:00:00
----------------------------------------------------------

38/47 Testing: malloc_3.THANK YOU AVIGAIL YOU ARE AMAZING! 2
38/47 Test: malloc_3.THANK YOU AVIGAIL YOU ARE AMAZING! 2
Command: "/mnt/c/Users/user/Documents/os/wet4/updatedTests/build/tests/malloc_3_test" "THANK YOU AVIGAIL YOU ARE AMAZING! 2"
Directory: /mnt/c/Users/user/Documents/os/wet4/updatedTests/build/tests
"malloc_3.THANK YOU AVIGAIL YOU ARE AMAZING! 2" start time: Aug 21 14:21 IDT
Output:
----------------------------------------------------------
Filters: THANK YOU AVIGAIL YOU ARE AMAZING! 2
Randomness seeded to: 3683012588
===============================================================================
All tests passed (30 assertions in 1 test case)

<end of output>
Test time =   0.05 sec
----------------------------------------------------------
Test Passed.
"malloc_3.THANK YOU AVIGAIL YOU ARE AMAZING! 2" end time: Aug 21 14:21 IDT
"malloc_3.THANK YOU AVIGAIL YOU ARE AMAZING! 2" time elapsed: 00:00:00
----------------------------------------------------------

39/47 Testing: malloc_3.THANK YOU AVIGAIL YOU ARE AMAZING! 3
39/47 Test: malloc_3.THANK YOU AVIGAIL YOU ARE AMAZING! 3
Command: "/mnt/c/Users/user/Documents/os/wet4/updatedTests/build/tests/malloc_3_test" "THANK YOU AVIGAIL YOU ARE AMAZING! 3"
Directory: /mnt/c/Users/user/Documents/os/wet4/updatedTests/build/tests
"malloc_3.THANK YOU AVIGAIL YOU ARE AMAZING! 3" start time: Aug 21 14:21 IDT
Output:
----------------------------------------------------------
Filters: THANK YOU AVIGAIL YOU ARE AMAZING! 3
Randomness seeded to: 916188410

~~~~~~~~~~~~~~~~~~~~~~~~~~~~~~~~~~~~~~~~~~~~~~~~~~~~~~~~~~~~~~~~~~~~~~~~~~~~~~~
malloc_3_test is a Catch2 v3.0.1 host application.
Run with -? for options

-------------------------------------------------------------------------------
THANK YOU AVIGAIL YOU ARE AMAZING! 3
-------------------------------------------------------------------------------
/mnt/c/Users/user/Documents/os/wet4/updatedTests/tests/malloc_3_test_basic.cpp:726
...............................................................................

/mnt/c/Users/user/Documents/os/wet4/updatedTests/tests/malloc_3_test_basic.cpp:88: FAILED:
  REQUIRE( _num_allocated_blocks() == __total_blocks )
with expansion:
  32 == 37

===============================================================================
test cases:  1 |  0 passed | 1 failed
assertions: 26 | 25 passed | 1 failed

<end of output>
Test time =   0.04 sec
----------------------------------------------------------
Test Failed.
"malloc_3.THANK YOU AVIGAIL YOU ARE AMAZING! 3" end time: Aug 21 14:21 IDT
"malloc_3.THANK YOU AVIGAIL YOU ARE AMAZING! 3" time elapsed: 00:00:00
----------------------------------------------------------

40/47 Testing: malloc_3.THANK YOU AVIGAIL YOU ARE AMAZING! 8
40/47 Test: malloc_3.THANK YOU AVIGAIL YOU ARE AMAZING! 8
Command: "/mnt/c/Users/user/Documents/os/wet4/updatedTests/build/tests/malloc_3_test" "THANK YOU AVIGAIL YOU ARE AMAZING! 8"
Directory: /mnt/c/Users/user/Documents/os/wet4/updatedTests/build/tests
"malloc_3.THANK YOU AVIGAIL YOU ARE AMAZING! 8" start time: Aug 21 14:21 IDT
Output:
----------------------------------------------------------
Filters: THANK YOU AVIGAIL YOU ARE AMAZING! 8
Randomness seeded to: 3355641355

~~~~~~~~~~~~~~~~~~~~~~~~~~~~~~~~~~~~~~~~~~~~~~~~~~~~~~~~~~~~~~~~~~~~~~~~~~~~~~~
malloc_3_test is a Catch2 v3.0.1 host application.
Run with -? for options

-------------------------------------------------------------------------------
THANK YOU AVIGAIL YOU ARE AMAZING! 8
-------------------------------------------------------------------------------
/mnt/c/Users/user/Documents/os/wet4/updatedTests/tests/malloc_3_test_basic.cpp:749
...............................................................................

/mnt/c/Users/user/Documents/os/wet4/updatedTests/tests/malloc_3_test_basic.cpp:88: FAILED:
  REQUIRE( _num_allocated_blocks() == __total_blocks )
with expansion:
  32 == 40

===============================================================================
test cases:  1 |  0 passed | 1 failed
assertions: 16 | 15 passed | 1 failed

<end of output>
Test time =   0.13 sec
----------------------------------------------------------
Test Failed.
"malloc_3.THANK YOU AVIGAIL YOU ARE AMAZING! 8" end time: Aug 21 14:21 IDT
"malloc_3.THANK YOU AVIGAIL YOU ARE AMAZING! 8" time elapsed: 00:00:00
----------------------------------------------------------

41/47 Testing: malloc_3.THANK YOU AVIGAIL YOU ARE AMAZING! 9
41/47 Test: malloc_3.THANK YOU AVIGAIL YOU ARE AMAZING! 9
Command: "/mnt/c/Users/user/Documents/os/wet4/updatedTests/build/tests/malloc_3_test" "THANK YOU AVIGAIL YOU ARE AMAZING! 9"
Directory: /mnt/c/Users/user/Documents/os/wet4/updatedTests/build/tests
"malloc_3.THANK YOU AVIGAIL YOU ARE AMAZING! 9" start time: Aug 21 14:21 IDT
Output:
----------------------------------------------------------
Filters: THANK YOU AVIGAIL YOU ARE AMAZING! 9
Randomness seeded to: 4031615560

~~~~~~~~~~~~~~~~~~~~~~~~~~~~~~~~~~~~~~~~~~~~~~~~~~~~~~~~~~~~~~~~~~~~~~~~~~~~~~~
malloc_3_test is a Catch2 v3.0.1 host application.
Run with -? for options

-------------------------------------------------------------------------------
THANK YOU AVIGAIL YOU ARE AMAZING! 9
-------------------------------------------------------------------------------
/mnt/c/Users/user/Documents/os/wet4/updatedTests/tests/malloc_3_test_basic.cpp:774
...............................................................................

/mnt/c/Users/user/Documents/os/wet4/updatedTests/tests/malloc_3_test_basic.cpp:774: FAILED:
  {Unknown expression after the reported line}
due to a fatal error condition:
  SIGSEGV - Segmentation violation signal

===============================================================================
test cases:  1 |  0 passed | 1 failed
assertions: 36 | 35 passed | 1 failed

<end of output>
Test time =   0.36 sec
----------------------------------------------------------
Test Failed.
"malloc_3.THANK YOU AVIGAIL YOU ARE AMAZING! 9" end time: Aug 21 14:21 IDT
"malloc_3.THANK YOU AVIGAIL YOU ARE AMAZING! 9" time elapsed: 00:00:00
----------------------------------------------------------

42/47 Testing: malloc_3.THANK YOU AVIGAIL YOU ARE AMAZING! 12
42/47 Test: malloc_3.THANK YOU AVIGAIL YOU ARE AMAZING! 12
Command: "/mnt/c/Users/user/Documents/os/wet4/updatedTests/build/tests/malloc_3_test" "THANK YOU AVIGAIL YOU ARE AMAZING! 12"
Directory: /mnt/c/Users/user/Documents/os/wet4/updatedTests/build/tests
"malloc_3.THANK YOU AVIGAIL YOU ARE AMAZING! 12" start time: Aug 21 14:21 IDT
Output:
----------------------------------------------------------
Filters: THANK YOU AVIGAIL YOU ARE AMAZING! 12
Randomness seeded to: 3684482241
===============================================================================
All tests passed (40 assertions in 1 test case)

<end of output>
Test time =   0.05 sec
----------------------------------------------------------
Test Passed.
"malloc_3.THANK YOU AVIGAIL YOU ARE AMAZING! 12" end time: Aug 21 14:21 IDT
"malloc_3.THANK YOU AVIGAIL YOU ARE AMAZING! 12" time elapsed: 00:00:00
----------------------------------------------------------

43/47 Testing: malloc_3.THANK YOU AVIGAIL YOU ARE AMAZING! 13
43/47 Test: malloc_3.THANK YOU AVIGAIL YOU ARE AMAZING! 13
Command: "/mnt/c/Users/user/Documents/os/wet4/updatedTests/build/tests/malloc_3_test" "THANK YOU AVIGAIL YOU ARE AMAZING! 13"
Directory: /mnt/c/Users/user/Documents/os/wet4/updatedTests/build/tests
"malloc_3.THANK YOU AVIGAIL YOU ARE AMAZING! 13" start time: Aug 21 14:21 IDT
Output:
----------------------------------------------------------
Filters: THANK YOU AVIGAIL YOU ARE AMAZING! 13
Randomness seeded to: 1793283796

~~~~~~~~~~~~~~~~~~~~~~~~~~~~~~~~~~~~~~~~~~~~~~~~~~~~~~~~~~~~~~~~~~~~~~~~~~~~~~~
malloc_3_test is a Catch2 v3.0.1 host application.
Run with -? for options

-------------------------------------------------------------------------------
THANK YOU AVIGAIL YOU ARE AMAZING! 13
-------------------------------------------------------------------------------
/mnt/c/Users/user/Documents/os/wet4/updatedTests/tests/malloc_3_test_basic.cpp:849
...............................................................................

/mnt/c/Users/user/Documents/os/wet4/updatedTests/tests/malloc_3_test_basic.cpp:88: FAILED:
  REQUIRE( _num_allocated_blocks() == __total_blocks )
with expansion:
  35 == 39

===============================================================================
test cases:  1 |  0 passed | 1 failed
assertions: 21 | 20 passed | 1 failed

<end of output>
Test time =   0.05 sec
----------------------------------------------------------
Test Failed.
"malloc_3.THANK YOU AVIGAIL YOU ARE AMAZING! 13" end time: Aug 21 14:21 IDT
"malloc_3.THANK YOU AVIGAIL YOU ARE AMAZING! 13" time elapsed: 00:00:00
----------------------------------------------------------

44/47 Testing: malloc_3.THANK YOU AVIGAIL YOU ARE AMAZING! 14
44/47 Test: malloc_3.THANK YOU AVIGAIL YOU ARE AMAZING! 14
Command: "/mnt/c/Users/user/Documents/os/wet4/updatedTests/build/tests/malloc_3_test" "THANK YOU AVIGAIL YOU ARE AMAZING! 14"
Directory: /mnt/c/Users/user/Documents/os/wet4/updatedTests/build/tests
"malloc_3.THANK YOU AVIGAIL YOU ARE AMAZING! 14" start time: Aug 21 14:21 IDT
Output:
----------------------------------------------------------
Filters: THANK YOU AVIGAIL YOU ARE AMAZING! 14
Randomness seeded to: 255979168

~~~~~~~~~~~~~~~~~~~~~~~~~~~~~~~~~~~~~~~~~~~~~~~~~~~~~~~~~~~~~~~~~~~~~~~~~~~~~~~
malloc_3_test is a Catch2 v3.0.1 host application.
Run with -? for options

-------------------------------------------------------------------------------
THANK YOU AVIGAIL YOU ARE AMAZING! 14
-------------------------------------------------------------------------------
/mnt/c/Users/user/Documents/os/wet4/updatedTests/tests/malloc_3_test_basic.cpp:872
...............................................................................

/mnt/c/Users/user/Documents/os/wet4/updatedTests/tests/malloc_3_test_basic.cpp:88: FAILED:
  REQUIRE( _num_allocated_blocks() == __total_blocks )
with expansion:
  36 == 38

===============================================================================
test cases:  1 |  0 passed | 1 failed
assertions: 26 | 25 passed | 1 failed

<end of output>
Test time =   0.05 sec
----------------------------------------------------------
Test Failed.
"malloc_3.THANK YOU AVIGAIL YOU ARE AMAZING! 14" end time: Aug 21 14:21 IDT
"malloc_3.THANK YOU AVIGAIL YOU ARE AMAZING! 14" time elapsed: 00:00:00
----------------------------------------------------------

45/47 Testing: malloc_3.THANK YOU AVIGAIL YOU ARE AMAZING! 15
45/47 Test: malloc_3.THANK YOU AVIGAIL YOU ARE AMAZING! 15
Command: "/mnt/c/Users/user/Documents/os/wet4/updatedTests/build/tests/malloc_3_test" "THANK YOU AVIGAIL YOU ARE AMAZING! 15"
Directory: /mnt/c/Users/user/Documents/os/wet4/updatedTests/build/tests
"malloc_3.THANK YOU AVIGAIL YOU ARE AMAZING! 15" start time: Aug 21 14:21 IDT
Output:
----------------------------------------------------------
Filters: THANK YOU AVIGAIL YOU ARE AMAZING! 15
Randomness seeded to: 2098993092

~~~~~~~~~~~~~~~~~~~~~~~~~~~~~~~~~~~~~~~~~~~~~~~~~~~~~~~~~~~~~~~~~~~~~~~~~~~~~~~
malloc_3_test is a Catch2 v3.0.1 host application.
Run with -? for options

-------------------------------------------------------------------------------
THANK YOU AVIGAIL YOU ARE AMAZING! 15
-------------------------------------------------------------------------------
/mnt/c/Users/user/Documents/os/wet4/updatedTests/tests/malloc_3_test_basic.cpp:899
...............................................................................

/mnt/c/Users/user/Documents/os/wet4/updatedTests/tests/malloc_3_test_basic.cpp:88: FAILED:
  REQUIRE( _num_allocated_blocks() == __total_blocks )
with expansion:
  39 == 40

===============================================================================
test cases:  1 |  0 passed | 1 failed
assertions: 36 | 35 passed | 1 failed

<end of output>
Test time =   0.06 sec
----------------------------------------------------------
Test Failed.
"malloc_3.THANK YOU AVIGAIL YOU ARE AMAZING! 15" end time: Aug 21 14:21 IDT
"malloc_3.THANK YOU AVIGAIL YOU ARE AMAZING! 15" time elapsed: 00:00:00
----------------------------------------------------------

46/47 Testing: malloc_3.really free?
46/47 Test: malloc_3.really free?
Command: "/mnt/c/Users/user/Documents/os/wet4/updatedTests/build/tests/malloc_3_test" "really free?"
Directory: /mnt/c/Users/user/Documents/os/wet4/updatedTests/build/tests
"malloc_3.really free?" start time: Aug 21 14:21 IDT
Output:
----------------------------------------------------------
Filters: really free?
Randomness seeded to: 3263221845

~~~~~~~~~~~~~~~~~~~~~~~~~~~~~~~~~~~~~~~~~~~~~~~~~~~~~~~~~~~~~~~~~~~~~~~~~~~~~~~
malloc_3_test is a Catch2 v3.0.1 host application.
Run with -? for options

-------------------------------------------------------------------------------
really free?
-------------------------------------------------------------------------------
/mnt/c/Users/user/Documents/os/wet4/updatedTests/tests/malloc_3_test_basic.cpp:954
...............................................................................

/mnt/c/Users/user/Documents/os/wet4/updatedTests/tests/malloc_3_test_basic.cpp:88: FAILED:
  REQUIRE( _num_allocated_blocks() == __total_blocks )
with expansion:
  44 == 45

===============================================================================
test cases:  1 |  0 passed | 1 failed
assertions: 51 | 50 passed | 1 failed

<end of output>
Test time =   0.06 sec
----------------------------------------------------------
Test Failed.
"malloc_3.really free?" end time: Aug 21 14:21 IDT
"malloc_3.really free?" time elapsed: 00:00:00
----------------------------------------------------------

47/47 Testing: malloc_3.tightest merge
47/47 Test: malloc_3.tightest merge
Command: "/mnt/c/Users/user/Documents/os/wet4/updatedTests/build/tests/malloc_3_test" "tightest merge"
Directory: /mnt/c/Users/user/Documents/os/wet4/updatedTests/build/tests
"malloc_3.tightest merge" start time: Aug 21 14:21 IDT
Output:
----------------------------------------------------------
Filters: tightest merge
Randomness seeded to: 2741328637

~~~~~~~~~~~~~~~~~~~~~~~~~~~~~~~~~~~~~~~~~~~~~~~~~~~~~~~~~~~~~~~~~~~~~~~~~~~~~~~
malloc_3_test is a Catch2 v3.0.1 host application.
Run with -? for options

-------------------------------------------------------------------------------
tightest merge
-------------------------------------------------------------------------------
/mnt/c/Users/user/Documents/os/wet4/updatedTests/tests/malloc_3_test_basic.cpp:997
...............................................................................

/mnt/c/Users/user/Documents/os/wet4/updatedTests/tests/malloc_3_test_basic.cpp:1017: FAILED:
  REQUIRE( ptr4 == ptr3 )
with expansion:
  0x000055e8ac7b2028 == 0x000055e8ac7b2128

===============================================================================
test cases:  1 |  0 passed | 1 failed
assertions: 26 | 25 passed | 1 failed

<end of output>
Test time =   0.05 sec
----------------------------------------------------------
Test Failed.
"malloc_3.tightest merge" end time: Aug 21 14:21 IDT
"malloc_3.tightest merge" time elapsed: 00:00:00
----------------------------------------------------------

End testing: Aug 21 14:21 IDT
