Start testing: Aug 14 12:54 IDT
----------------------------------------------------------
1/34 Testing: malloc_1.Sanity
1/34 Test: malloc_1.Sanity
Command: "/mnt/c/Users/user/Documents/os/wet4/updatedTests/build/tests/malloc_1_test" "Sanity"
Directory: /mnt/c/Users/user/Documents/os/wet4/updatedTests/build/tests
"malloc_1.Sanity" start time: Aug 14 12:54 IDT
Output:
----------------------------------------------------------
Filters: Sanity
Randomness seeded to: 1373336268
===============================================================================
All tests passed (2 assertions in 1 test case)

<end of output>
Test time =   0.13 sec
----------------------------------------------------------
Test Passed.
"malloc_1.Sanity" end time: Aug 14 12:54 IDT
"malloc_1.Sanity" time elapsed: 00:00:00
----------------------------------------------------------

2/34 Testing: malloc_1.Check size
2/34 Test: malloc_1.Check size
Command: "/mnt/c/Users/user/Documents/os/wet4/updatedTests/build/tests/malloc_1_test" "Check size"
Directory: /mnt/c/Users/user/Documents/os/wet4/updatedTests/build/tests
"malloc_1.Check size" start time: Aug 14 12:54 IDT
Output:
----------------------------------------------------------
Filters: Check size
Randomness seeded to: 355483946
===============================================================================
All tests passed (6 assertions in 1 test case)

<end of output>
Test time =   0.12 sec
----------------------------------------------------------
Test Passed.
"malloc_1.Check size" end time: Aug 14 12:54 IDT
"malloc_1.Check size" time elapsed: 00:00:00
----------------------------------------------------------

3/34 Testing: malloc_1.0 size
3/34 Test: malloc_1.0 size
Command: "/mnt/c/Users/user/Documents/os/wet4/updatedTests/build/tests/malloc_1_test" "0 size"
Directory: /mnt/c/Users/user/Documents/os/wet4/updatedTests/build/tests
"malloc_1.0 size" start time: Aug 14 12:54 IDT
Output:
----------------------------------------------------------
Filters: 0 size
Randomness seeded to: 2162303126
===============================================================================
All tests passed (2 assertions in 1 test case)

<end of output>
Test time =   0.12 sec
----------------------------------------------------------
Test Passed.
"malloc_1.0 size" end time: Aug 14 12:54 IDT
"malloc_1.0 size" time elapsed: 00:00:00
----------------------------------------------------------

4/34 Testing: malloc_1.Max size
4/34 Test: malloc_1.Max size
Command: "/mnt/c/Users/user/Documents/os/wet4/updatedTests/build/tests/malloc_1_test" "Max size"
Directory: /mnt/c/Users/user/Documents/os/wet4/updatedTests/build/tests
"malloc_1.Max size" start time: Aug 14 12:54 IDT
Output:
----------------------------------------------------------
Filters: Max size
Randomness seeded to: 2234599801
===============================================================================
All tests passed (4 assertions in 1 test case)

<end of output>
Test time =   0.10 sec
----------------------------------------------------------
Test Passed.
"malloc_1.Max size" end time: Aug 14 12:54 IDT
"malloc_1.Max size" time elapsed: 00:00:00
----------------------------------------------------------

5/34 Testing: malloc_2.Sanity
5/34 Test: malloc_2.Sanity
Command: "/mnt/c/Users/user/Documents/os/wet4/updatedTests/build/tests/malloc_2_test" "Sanity"
Directory: /mnt/c/Users/user/Documents/os/wet4/updatedTests/build/tests
"malloc_2.Sanity" start time: Aug 14 12:54 IDT
Output:
----------------------------------------------------------
Filters: Sanity
Randomness seeded to: 2825763964
===============================================================================
All tests passed (19 assertions in 1 test case)

<end of output>
Test time =   0.16 sec
----------------------------------------------------------
Test Passed.
"malloc_2.Sanity" end time: Aug 14 12:54 IDT
"malloc_2.Sanity" time elapsed: 00:00:00
----------------------------------------------------------

6/34 Testing: malloc_2.Check size
6/34 Test: malloc_2.Check size
Command: "/mnt/c/Users/user/Documents/os/wet4/updatedTests/build/tests/malloc_2_test" "Check size"
Directory: /mnt/c/Users/user/Documents/os/wet4/updatedTests/build/tests
"malloc_2.Check size" start time: Aug 14 12:54 IDT
Output:
----------------------------------------------------------
Filters: Check size
Randomness seeded to: 1587112588
===============================================================================
All tests passed (33 assertions in 1 test case)

<end of output>
Test time =   0.12 sec
----------------------------------------------------------
Test Passed.
"malloc_2.Check size" end time: Aug 14 12:54 IDT
"malloc_2.Check size" time elapsed: 00:00:00
----------------------------------------------------------

7/34 Testing: malloc_2.0 size
7/34 Test: malloc_2.0 size
Command: "/mnt/c/Users/user/Documents/os/wet4/updatedTests/build/tests/malloc_2_test" "0 size"
Directory: /mnt/c/Users/user/Documents/os/wet4/updatedTests/build/tests
"malloc_2.0 size" start time: Aug 14 12:54 IDT
Output:
----------------------------------------------------------
Filters: 0 size
Randomness seeded to: 2820469675
===============================================================================
All tests passed (13 assertions in 1 test case)

<end of output>
Test time =   0.11 sec
----------------------------------------------------------
Test Passed.
"malloc_2.0 size" end time: Aug 14 12:54 IDT
"malloc_2.0 size" time elapsed: 00:00:00
----------------------------------------------------------

8/34 Testing: malloc_2.Max size
8/34 Test: malloc_2.Max size
Command: "/mnt/c/Users/user/Documents/os/wet4/updatedTests/build/tests/malloc_2_test" "Max size"
Directory: /mnt/c/Users/user/Documents/os/wet4/updatedTests/build/tests
"malloc_2.Max size" start time: Aug 14 12:54 IDT
Output:
----------------------------------------------------------
Filters: Max size
Randomness seeded to: 3159177038
===============================================================================
All tests passed (27 assertions in 1 test case)

<end of output>
Test time =   0.10 sec
----------------------------------------------------------
Test Passed.
"malloc_2.Max size" end time: Aug 14 12:54 IDT
"malloc_2.Max size" time elapsed: 00:00:00
----------------------------------------------------------

9/34 Testing: malloc_2.free
9/34 Test: malloc_2.free
Command: "/mnt/c/Users/user/Documents/os/wet4/updatedTests/build/tests/malloc_2_test" "free"
Directory: /mnt/c/Users/user/Documents/os/wet4/updatedTests/build/tests
"malloc_2.free" start time: Aug 14 12:54 IDT
Output:
----------------------------------------------------------
Filters: free
Randomness seeded to: 3443068750
===============================================================================
All tests passed (59 assertions in 1 test case)

<end of output>
Test time =   0.14 sec
----------------------------------------------------------
Test Passed.
"malloc_2.free" end time: Aug 14 12:54 IDT
"malloc_2.free" time elapsed: 00:00:00
----------------------------------------------------------

10/34 Testing: malloc_2.free 2
10/34 Test: malloc_2.free 2
Command: "/mnt/c/Users/user/Documents/os/wet4/updatedTests/build/tests/malloc_2_test" "free 2"
Directory: /mnt/c/Users/user/Documents/os/wet4/updatedTests/build/tests
"malloc_2.free 2" start time: Aug 14 12:54 IDT
Output:
----------------------------------------------------------
Filters: free 2
Randomness seeded to: 2832013672
===============================================================================
All tests passed (59 assertions in 1 test case)

<end of output>
Test time =   0.11 sec
----------------------------------------------------------
Test Passed.
"malloc_2.free 2" end time: Aug 14 12:54 IDT
"malloc_2.free 2" time elapsed: 00:00:00
----------------------------------------------------------

11/34 Testing: malloc_2.free 3
11/34 Test: malloc_2.free 3
Command: "/mnt/c/Users/user/Documents/os/wet4/updatedTests/build/tests/malloc_2_test" "free 3"
Directory: /mnt/c/Users/user/Documents/os/wet4/updatedTests/build/tests
"malloc_2.free 3" start time: Aug 14 12:54 IDT
Output:
----------------------------------------------------------
Filters: free 3
Randomness seeded to: 854505081
===============================================================================
All tests passed (59 assertions in 1 test case)

<end of output>
Test time =   0.18 sec
----------------------------------------------------------
Test Passed.
"malloc_2.free 3" end time: Aug 14 12:54 IDT
"malloc_2.free 3" time elapsed: 00:00:00
----------------------------------------------------------

12/34 Testing: malloc_2.Reuse
12/34 Test: malloc_2.Reuse
Command: "/mnt/c/Users/user/Documents/os/wet4/updatedTests/build/tests/malloc_2_test" "Reuse"
Directory: /mnt/c/Users/user/Documents/os/wet4/updatedTests/build/tests
"malloc_2.Reuse" start time: Aug 14 12:54 IDT
Output:
----------------------------------------------------------
Filters: Reuse
Randomness seeded to: 4201540681
===============================================================================
All tests passed (32 assertions in 1 test case)

<end of output>
Test time =   0.13 sec
----------------------------------------------------------
Test Passed.
"malloc_2.Reuse" end time: Aug 14 12:54 IDT
"malloc_2.Reuse" time elapsed: 00:00:00
----------------------------------------------------------

13/34 Testing: malloc_2.Reuse two blocks
13/34 Test: malloc_2.Reuse two blocks
Command: "/mnt/c/Users/user/Documents/os/wet4/updatedTests/build/tests/malloc_2_test" "Reuse two blocks"
Directory: /mnt/c/Users/user/Documents/os/wet4/updatedTests/build/tests
"malloc_2.Reuse two blocks" start time: Aug 14 12:54 IDT
Output:
----------------------------------------------------------
Filters: Reuse two blocks
Randomness seeded to: 216061006
===============================================================================
All tests passed (46 assertions in 1 test case)

<end of output>
Test time =   0.16 sec
----------------------------------------------------------
Test Passed.
"malloc_2.Reuse two blocks" end time: Aug 14 12:54 IDT
"malloc_2.Reuse two blocks" time elapsed: 00:00:00
----------------------------------------------------------

14/34 Testing: malloc_2.Reuse two blocks reverse
14/34 Test: malloc_2.Reuse two blocks reverse
Command: "/mnt/c/Users/user/Documents/os/wet4/updatedTests/build/tests/malloc_2_test" "Reuse two blocks reverse"
Directory: /mnt/c/Users/user/Documents/os/wet4/updatedTests/build/tests
"malloc_2.Reuse two blocks reverse" start time: Aug 14 12:54 IDT
Output:
----------------------------------------------------------
Filters: Reuse two blocks reverse
Randomness seeded to: 4258575275
===============================================================================
All tests passed (46 assertions in 1 test case)

<end of output>
Test time =   0.21 sec
----------------------------------------------------------
Test Passed.
"malloc_2.Reuse two blocks reverse" end time: Aug 14 12:54 IDT
"malloc_2.Reuse two blocks reverse" time elapsed: 00:00:00
----------------------------------------------------------

15/34 Testing: malloc_2.Reuse two blocks both
15/34 Test: malloc_2.Reuse two blocks both
Command: "/mnt/c/Users/user/Documents/os/wet4/updatedTests/build/tests/malloc_2_test" "Reuse two blocks both"
Directory: /mnt/c/Users/user/Documents/os/wet4/updatedTests/build/tests
"malloc_2.Reuse two blocks both" start time: Aug 14 12:54 IDT
Output:
----------------------------------------------------------
Filters: Reuse two blocks both
Randomness seeded to: 2319934179
===============================================================================
All tests passed (46 assertions in 1 test case)

<end of output>
Test time =   0.17 sec
----------------------------------------------------------
Test Passed.
"malloc_2.Reuse two blocks both" end time: Aug 14 12:54 IDT
"malloc_2.Reuse two blocks both" time elapsed: 00:00:00
----------------------------------------------------------

16/34 Testing: malloc_2.Reuse two blocks sizes small
16/34 Test: malloc_2.Reuse two blocks sizes small
Command: "/mnt/c/Users/user/Documents/os/wet4/updatedTests/build/tests/malloc_2_test" "Reuse two blocks sizes small"
Directory: /mnt/c/Users/user/Documents/os/wet4/updatedTests/build/tests
"malloc_2.Reuse two blocks sizes small" start time: Aug 14 12:54 IDT
Output:
----------------------------------------------------------
Filters: Reuse two blocks sizes small
Randomness seeded to: 860146743
===============================================================================
All tests passed (46 assertions in 1 test case)

<end of output>
Test time =   0.30 sec
----------------------------------------------------------
Test Passed.
"malloc_2.Reuse two blocks sizes small" end time: Aug 14 12:54 IDT
"malloc_2.Reuse two blocks sizes small" time elapsed: 00:00:00
----------------------------------------------------------

17/34 Testing: malloc_2.Reuse two blocks sizes large
17/34 Test: malloc_2.Reuse two blocks sizes large
Command: "/mnt/c/Users/user/Documents/os/wet4/updatedTests/build/tests/malloc_2_test" "Reuse two blocks sizes large"
Directory: /mnt/c/Users/user/Documents/os/wet4/updatedTests/build/tests
"malloc_2.Reuse two blocks sizes large" start time: Aug 14 12:54 IDT
Output:
----------------------------------------------------------
Filters: Reuse two blocks sizes large
Randomness seeded to: 3263983741
===============================================================================
All tests passed (46 assertions in 1 test case)

<end of output>
Test time =   0.19 sec
----------------------------------------------------------
Test Passed.
"malloc_2.Reuse two blocks sizes large" end time: Aug 14 12:54 IDT
"malloc_2.Reuse two blocks sizes large" time elapsed: 00:00:00
----------------------------------------------------------

18/34 Testing: malloc_2.scalloc
18/34 Test: malloc_2.scalloc
Command: "/mnt/c/Users/user/Documents/os/wet4/updatedTests/build/tests/malloc_2_test" "scalloc"
Directory: /mnt/c/Users/user/Documents/os/wet4/updatedTests/build/tests
"malloc_2.scalloc" start time: Aug 14 12:54 IDT
Output:
----------------------------------------------------------
Filters: scalloc
Randomness seeded to: 1485009333
===============================================================================
All tests passed (51 assertions in 1 test case)

<end of output>
Test time =   0.13 sec
----------------------------------------------------------
Test Passed.
"malloc_2.scalloc" end time: Aug 14 12:54 IDT
"malloc_2.scalloc" time elapsed: 00:00:00
----------------------------------------------------------

19/34 Testing: malloc_2.scalloc taint
19/34 Test: malloc_2.scalloc taint
Command: "/mnt/c/Users/user/Documents/os/wet4/updatedTests/build/tests/malloc_2_test" "scalloc taint"
Directory: /mnt/c/Users/user/Documents/os/wet4/updatedTests/build/tests
"malloc_2.scalloc taint" start time: Aug 14 12:54 IDT
Output:
----------------------------------------------------------
Filters: scalloc taint
Randomness seeded to: 1138714945
===============================================================================
All tests passed (232 assertions in 1 test case)

<end of output>
Test time =   0.21 sec
----------------------------------------------------------
Test Passed.
"malloc_2.scalloc taint" end time: Aug 14 12:54 IDT
"malloc_2.scalloc taint" time elapsed: 00:00:00
----------------------------------------------------------

20/34 Testing: malloc_2.scalloc 0 size
20/34 Test: malloc_2.scalloc 0 size
Command: "/mnt/c/Users/user/Documents/os/wet4/updatedTests/build/tests/malloc_2_test" "scalloc 0 size"
Directory: /mnt/c/Users/user/Documents/os/wet4/updatedTests/build/tests
"malloc_2.scalloc 0 size" start time: Aug 14 12:54 IDT
Output:
----------------------------------------------------------
Filters: scalloc 0 size
Randomness seeded to: 706979440
===============================================================================
All tests passed (21 assertions in 1 test case)

<end of output>
Test time =   0.43 sec
----------------------------------------------------------
Test Passed.
"malloc_2.scalloc 0 size" end time: Aug 14 12:54 IDT
"malloc_2.scalloc 0 size" time elapsed: 00:00:00
----------------------------------------------------------

21/34 Testing: malloc_2.scalloc Max size num
21/34 Test: malloc_2.scalloc Max size num
Command: "/mnt/c/Users/user/Documents/os/wet4/updatedTests/build/tests/malloc_2_test" "scalloc Max size num"
Directory: /mnt/c/Users/user/Documents/os/wet4/updatedTests/build/tests
"malloc_2.scalloc Max size num" start time: Aug 14 12:54 IDT
Output:
----------------------------------------------------------
Filters: scalloc Max size num
Randomness seeded to: 3542627417
===============================================================================
All tests passed (27 assertions in 1 test case)

<end of output>
Test time =   0.65 sec
----------------------------------------------------------
Test Passed.
"malloc_2.scalloc Max size num" end time: Aug 14 12:54 IDT
"malloc_2.scalloc Max size num" time elapsed: 00:00:00
----------------------------------------------------------

22/34 Testing: malloc_2.scalloc Max size size
22/34 Test: malloc_2.scalloc Max size size
Command: "/mnt/c/Users/user/Documents/os/wet4/updatedTests/build/tests/malloc_2_test" "scalloc Max size size"
Directory: /mnt/c/Users/user/Documents/os/wet4/updatedTests/build/tests
"malloc_2.scalloc Max size size" start time: Aug 14 12:54 IDT
Output:
----------------------------------------------------------
Filters: scalloc Max size size
Randomness seeded to: 2418623985
===============================================================================
All tests passed (27 assertions in 1 test case)

<end of output>
Test time =   0.26 sec
----------------------------------------------------------
Test Passed.
"malloc_2.scalloc Max size size" end time: Aug 14 12:54 IDT
"malloc_2.scalloc Max size size" time elapsed: 00:00:00
----------------------------------------------------------

23/34 Testing: malloc_2.scalloc Max size both
23/34 Test: malloc_2.scalloc Max size both
Command: "/mnt/c/Users/user/Documents/os/wet4/updatedTests/build/tests/malloc_2_test" "scalloc Max size both"
Directory: /mnt/c/Users/user/Documents/os/wet4/updatedTests/build/tests
"malloc_2.scalloc Max size both" start time: Aug 14 12:54 IDT
Output:
----------------------------------------------------------
Filters: scalloc Max size both
Randomness seeded to: 1763849585
===============================================================================
All tests passed (35 assertions in 1 test case)

<end of output>
Test time =   0.13 sec
----------------------------------------------------------
Test Passed.
"malloc_2.scalloc Max size both" end time: Aug 14 12:54 IDT
"malloc_2.scalloc Max size both" time elapsed: 00:00:00
----------------------------------------------------------

24/34 Testing: malloc_2.realloc
24/34 Test: malloc_2.realloc
Command: "/mnt/c/Users/user/Documents/os/wet4/updatedTests/build/tests/malloc_2_test" "realloc"
Directory: /mnt/c/Users/user/Documents/os/wet4/updatedTests/build/tests
"malloc_2.realloc" start time: Aug 14 12:54 IDT
Output:
----------------------------------------------------------
Filters: realloc
Randomness seeded to: 2239456882
===============================================================================
All tests passed (36 assertions in 1 test case)

<end of output>
Test time =   0.25 sec
----------------------------------------------------------
Test Passed.
"malloc_2.realloc" end time: Aug 14 12:54 IDT
"malloc_2.realloc" time elapsed: 00:00:00
----------------------------------------------------------

25/34 Testing: malloc_2.realloc shrink
25/34 Test: malloc_2.realloc shrink
Command: "/mnt/c/Users/user/Documents/os/wet4/updatedTests/build/tests/malloc_2_test" "realloc shrink"
Directory: /mnt/c/Users/user/Documents/os/wet4/updatedTests/build/tests
"malloc_2.realloc shrink" start time: Aug 14 12:54 IDT
Output:
----------------------------------------------------------
Filters: realloc shrink
Randomness seeded to: 1161873842
===============================================================================
All tests passed (36 assertions in 1 test case)

<end of output>
Test time =   0.13 sec
----------------------------------------------------------
Test Passed.
"malloc_2.realloc shrink" end time: Aug 14 12:54 IDT
"malloc_2.realloc shrink" time elapsed: 00:00:00
----------------------------------------------------------

26/34 Testing: malloc_2.srealloc Max size
26/34 Test: malloc_2.srealloc Max size
Command: "/mnt/c/Users/user/Documents/os/wet4/updatedTests/build/tests/malloc_2_test" "srealloc Max size"
Directory: /mnt/c/Users/user/Documents/os/wet4/updatedTests/build/tests
"malloc_2.srealloc Max size" start time: Aug 14 12:54 IDT
Output:
----------------------------------------------------------
Filters: srealloc Max size
Randomness seeded to: 2015198817
===============================================================================
All tests passed (35 assertions in 1 test case)

<end of output>
Test time =   0.23 sec
----------------------------------------------------------
Test Passed.
"malloc_2.srealloc Max size" end time: Aug 14 12:54 IDT
"malloc_2.srealloc Max size" time elapsed: 00:00:00
----------------------------------------------------------

27/34 Testing: malloc_3.Challenge 0 - Memory Utilization
27/34 Test: malloc_3.Challenge 0 - Memory Utilization
Command: "/mnt/c/Users/user/Documents/os/wet4/updatedTests/build/tests/malloc_3_test" "Challenge 0 - Memory Utilization"
Directory: /mnt/c/Users/user/Documents/os/wet4/updatedTests/build/tests
"malloc_3.Challenge 0 - Memory Utilization" start time: Aug 14 12:54 IDT
Output:
----------------------------------------------------------
Filters: Challenge 0 - Memory Utilization
Randomness seeded to: 4115317080

~~~~~~~~~~~~~~~~~~~~~~~~~~~~~~~~~~~~~~~~~~~~~~~~~~~~~~~~~~~~~~~~~~~~~~~~~~~~~~~
malloc_3_test is a Catch2 v3.0.1 host application.
Run with -? for options

-------------------------------------------------------------------------------
Challenge 0 - Memory Utilization
-------------------------------------------------------------------------------
/mnt/c/Users/user/Documents/os/wet4/updatedTests/tests/malloc_3_test_basic.cpp:96
...............................................................................

/mnt/c/Users/user/Documents/os/wet4/updatedTests/tests/malloc_3_test_basic.cpp:85: FAILED:
  REQUIRE( _num_allocated_blocks() == __total_blocks )
with expansion:
  1 == 42

===============================================================================
test cases: 1 | 1 failed
assertions: 7 | 6 passed | 1 failed

<end of output>
Test time =   0.19 sec
----------------------------------------------------------
Test Failed.
"malloc_3.Challenge 0 - Memory Utilization" end time: Aug 14 12:54 IDT
"malloc_3.Challenge 0 - Memory Utilization" time elapsed: 00:00:00
----------------------------------------------------------

28/34 Testing: malloc_3.test all sizes
28/34 Test: malloc_3.test all sizes
Command: "/mnt/c/Users/user/Documents/os/wet4/updatedTests/build/tests/malloc_3_test" "test all sizes"
Directory: /mnt/c/Users/user/Documents/os/wet4/updatedTests/build/tests
"malloc_3.test all sizes" start time: Aug 14 12:54 IDT
Output:
----------------------------------------------------------
Filters: test all sizes
Randomness seeded to: 3959316186

~~~~~~~~~~~~~~~~~~~~~~~~~~~~~~~~~~~~~~~~~~~~~~~~~~~~~~~~~~~~~~~~~~~~~~~~~~~~~~~
malloc_3_test is a Catch2 v3.0.1 host application.
Run with -? for options

-------------------------------------------------------------------------------
test all sizes
-------------------------------------------------------------------------------
/mnt/c/Users/user/Documents/os/wet4/updatedTests/tests/malloc_3_test_basic.cpp:139
...............................................................................

/mnt/c/Users/user/Documents/os/wet4/updatedTests/tests/malloc_3_test_basic.cpp:85: FAILED:
  REQUIRE( _num_allocated_blocks() == __total_blocks )
with expansion:
  1 == 42

===============================================================================
test cases: 1 | 1 failed
assertions: 1 | 1 failed

<end of output>
Test time =   0.19 sec
----------------------------------------------------------
Test Failed.
"malloc_3.test all sizes" end time: Aug 14 12:54 IDT
"malloc_3.test all sizes" time elapsed: 00:00:00
----------------------------------------------------------

29/34 Testing: malloc_3.Finding buddies test
29/34 Test: malloc_3.Finding buddies test
Command: "/mnt/c/Users/user/Documents/os/wet4/updatedTests/build/tests/malloc_3_test" "Finding buddies test"
Directory: /mnt/c/Users/user/Documents/os/wet4/updatedTests/build/tests
"malloc_3.Finding buddies test" start time: Aug 14 12:54 IDT
Output:
----------------------------------------------------------
Filters: Finding buddies test
Randomness seeded to: 2357388683

~~~~~~~~~~~~~~~~~~~~~~~~~~~~~~~~~~~~~~~~~~~~~~~~~~~~~~~~~~~~~~~~~~~~~~~~~~~~~~~
malloc_3_test is a Catch2 v3.0.1 host application.
Run with -? for options

-------------------------------------------------------------------------------
Finding buddies test
-------------------------------------------------------------------------------
/mnt/c/Users/user/Documents/os/wet4/updatedTests/tests/malloc_3_test_basic.cpp:190
...............................................................................

/mnt/c/Users/user/Documents/os/wet4/updatedTests/tests/malloc_3_test_basic.cpp:85: FAILED:
  REQUIRE( _num_allocated_blocks() == __total_blocks )
with expansion:
  1 == 33

===============================================================================
test cases: 1 | 1 failed
assertions: 2 | 1 passed | 1 failed

<end of output>
Test time =   0.18 sec
----------------------------------------------------------
Test Failed.
"malloc_3.Finding buddies test" end time: Aug 14 12:54 IDT
"malloc_3.Finding buddies test" time elapsed: 00:00:00
----------------------------------------------------------

30/34 Testing: malloc_3.multiple big allocs test
30/34 Test: malloc_3.multiple big allocs test
Command: "/mnt/c/Users/user/Documents/os/wet4/updatedTests/build/tests/malloc_3_test" "multiple big allocs test"
Directory: /mnt/c/Users/user/Documents/os/wet4/updatedTests/build/tests
"malloc_3.multiple big allocs test" start time: Aug 14 12:54 IDT
Output:
----------------------------------------------------------
Filters: multiple big allocs test
Randomness seeded to: 910685958

~~~~~~~~~~~~~~~~~~~~~~~~~~~~~~~~~~~~~~~~~~~~~~~~~~~~~~~~~~~~~~~~~~~~~~~~~~~~~~~
malloc_3_test is a Catch2 v3.0.1 host application.
Run with -? for options

-------------------------------------------------------------------------------
multiple big allocs test
-------------------------------------------------------------------------------
/mnt/c/Users/user/Documents/os/wet4/updatedTests/tests/malloc_3_test_basic.cpp:240
...............................................................................

/mnt/c/Users/user/Documents/os/wet4/updatedTests/tests/malloc_3_test_basic.cpp:85: FAILED:
  REQUIRE( _num_allocated_blocks() == __total_blocks )
with expansion:
  1 == 33

===============================================================================
test cases: 1 | 1 failed
assertions: 2 | 1 passed | 1 failed

<end of output>
Test time =   0.19 sec
----------------------------------------------------------
Test Failed.
"malloc_3.multiple big allocs test" end time: Aug 14 12:54 IDT
"malloc_3.multiple big allocs test" time elapsed: 00:00:00
----------------------------------------------------------

31/34 Testing: malloc_3.srealloc test
31/34 Test: malloc_3.srealloc test
Command: "/mnt/c/Users/user/Documents/os/wet4/updatedTests/build/tests/malloc_3_test" "srealloc test"
Directory: /mnt/c/Users/user/Documents/os/wet4/updatedTests/build/tests
"malloc_3.srealloc test" start time: Aug 14 12:54 IDT
Output:
----------------------------------------------------------
Filters: srealloc test
Randomness seeded to: 2467608834

~~~~~~~~~~~~~~~~~~~~~~~~~~~~~~~~~~~~~~~~~~~~~~~~~~~~~~~~~~~~~~~~~~~~~~~~~~~~~~~
malloc_3_test is a Catch2 v3.0.1 host application.
Run with -? for options

-------------------------------------------------------------------------------
srealloc test
-------------------------------------------------------------------------------
/mnt/c/Users/user/Documents/os/wet4/updatedTests/tests/malloc_3_test_basic.cpp:287
...............................................................................

/mnt/c/Users/user/Documents/os/wet4/updatedTests/tests/malloc_3_test_basic.cpp:85: FAILED:
  REQUIRE( _num_allocated_blocks() == __total_blocks )
with expansion:
  1 == 42

===============================================================================
test cases: 1 | 1 failed
assertions: 2 | 1 passed | 1 failed

<end of output>
Test time =   0.11 sec
----------------------------------------------------------
Test Failed.
"malloc_3.srealloc test" end time: Aug 14 12:54 IDT
"malloc_3.srealloc test" time elapsed: 00:00:00
----------------------------------------------------------

32/34 Testing: malloc_3.scalloc test
32/34 Test: malloc_3.scalloc test
Command: "/mnt/c/Users/user/Documents/os/wet4/updatedTests/build/tests/malloc_3_test" "scalloc test"
Directory: /mnt/c/Users/user/Documents/os/wet4/updatedTests/build/tests
"malloc_3.scalloc test" start time: Aug 14 12:54 IDT
Output:
----------------------------------------------------------
Filters: scalloc test
Randomness seeded to: 2910094452
===============================================================================
All tests passed (27 assertions in 1 test case)

<end of output>
Test time =   0.14 sec
----------------------------------------------------------
Test Passed.
"malloc_3.scalloc test" end time: Aug 14 12:54 IDT
"malloc_3.scalloc test" time elapsed: 00:00:00
----------------------------------------------------------

33/34 Testing: malloc_3.srealloc merges test
33/34 Test: malloc_3.srealloc merges test
Command: "/mnt/c/Users/user/Documents/os/wet4/updatedTests/build/tests/malloc_3_test" "srealloc merges test"
Directory: /mnt/c/Users/user/Documents/os/wet4/updatedTests/build/tests
"malloc_3.srealloc merges test" start time: Aug 14 12:54 IDT
Output:
----------------------------------------------------------
Filters: srealloc merges test
Randomness seeded to: 3350096978

~~~~~~~~~~~~~~~~~~~~~~~~~~~~~~~~~~~~~~~~~~~~~~~~~~~~~~~~~~~~~~~~~~~~~~~~~~~~~~~
malloc_3_test is a Catch2 v3.0.1 host application.
Run with -? for options

-------------------------------------------------------------------------------
srealloc merges test
-------------------------------------------------------------------------------
/mnt/c/Users/user/Documents/os/wet4/updatedTests/tests/malloc_3_test_basic.cpp:352
...............................................................................

/mnt/c/Users/user/Documents/os/wet4/updatedTests/tests/malloc_3_test_basic.cpp:85: FAILED:
  REQUIRE( _num_allocated_blocks() == __total_blocks )
with expansion:
  1 == 42

===============================================================================
test cases: 1 | 1 failed
assertions: 2 | 1 passed | 1 failed

<end of output>
Test time =   0.10 sec
----------------------------------------------------------
Test Failed.
"malloc_3.srealloc merges test" end time: Aug 14 12:54 IDT
"malloc_3.srealloc merges test" time elapsed: 00:00:00
----------------------------------------------------------

34/34 Testing: malloc_3.weird values
34/34 Test: malloc_3.weird values
Command: "/mnt/c/Users/user/Documents/os/wet4/updatedTests/build/tests/malloc_3_test" "weird values"
Directory: /mnt/c/Users/user/Documents/os/wet4/updatedTests/build/tests
"malloc_3.weird values" start time: Aug 14 12:54 IDT
Output:
----------------------------------------------------------
Filters: weird values
Randomness seeded to: 690807895

~~~~~~~~~~~~~~~~~~~~~~~~~~~~~~~~~~~~~~~~~~~~~~~~~~~~~~~~~~~~~~~~~~~~~~~~~~~~~~~
malloc_3_test is a Catch2 v3.0.1 host application.
Run with -? for options

-------------------------------------------------------------------------------
weird values
-------------------------------------------------------------------------------
/mnt/c/Users/user/Documents/os/wet4/updatedTests/tests/malloc_3_test_basic.cpp:391
...............................................................................

/mnt/c/Users/user/Documents/os/wet4/updatedTests/tests/malloc_3_test_basic.cpp:85: FAILED:
  REQUIRE( _num_allocated_blocks() == __total_blocks )
with expansion:
  0 == 32

===============================================================================
test cases: 1 | 1 failed
assertions: 2 | 1 passed | 1 failed

<end of output>
Test time =   0.09 sec
----------------------------------------------------------
Test Failed.
"malloc_3.weird values" end time: Aug 14 12:54 IDT
"malloc_3.weird values" time elapsed: 00:00:00
----------------------------------------------------------

End testing: Aug 14 12:54 IDT
